Rasa process starting
Rasa process starting
Rasa process starting
Failed to load nlu model. Maybe path C:\Users\10650637\Music\calenapi\hinlp\models\current\nlu doesn't exist
Rasa process starting
Failed to load nlu model. Maybe path C:\Users\10650637\Music\calenapi\hinlp\models\current\nlu doesn't exist
Rasa process starting
From C:\Users\10650637\AppData\Local\Continuum\anaconda3\lib\site-packages\tensorflow\python\training\saver.py:1266: checkpoint_exists (from tensorflow.python.training.checkpoint_management) is deprecated and will be removed in a future version.
Instructions for updating:
Use standard file APIs to check for files with this prefix.
Restoring parameters from models/current/nlu\intent_classifier_tensorflow_embedding.ckpt
Rasa process starting
Restoring parameters from models/current/nlu/intent_classifier_tensorflow_embedding.ckpt
Rasa Core server is up and running on http://localhost:5005
Failed to connect to duckling http server. Make sure the duckling server is running and the proper host and port are set in the configuration. More information on how to run the server can be found on github: https://github.com/facebook/duckling#quickstart Error: HTTPConnectionPool(host='0.0.0.0', port=8000): Max retries exceeded with url: /parse (Caused by NewConnectionError('<urllib3.connection.HTTPConnection object at 0x7f2580517f60>: Failed to establish a new connection: [Errno 111] Connection refused',))
Failed to run custom action 'action_default_fallback'. Action server responded with a non 200 status code of 500. Make sure your action server properly runs actions and returns a 200 once the action is executed. Error: 500 Server Error: INTERNAL SERVER ERROR for url: http://localhost:5055/webhook
Encountered an exception while running action 'action_default_fallback'. Bot will continue, but the actions events are lost. Make sure to fix the exception in your custom code.
Failed to connect to duckling http server. Make sure the duckling server is running and the proper host and port are set in the configuration. More information on how to run the server can be found on github: https://github.com/facebook/duckling#quickstart Error: HTTPConnectionPool(host='0.0.0.0', port=8000): Max retries exceeded with url: /parse (Caused by NewConnectionError('<urllib3.connection.HTTPConnection object at 0x7f25802fa4e0>: Failed to establish a new connection: [Errno 111] Connection refused',))
Failed to run custom action 'action_default_fallback'. Action server responded with a non 200 status code of 500. Make sure your action server properly runs actions and returns a 200 once the action is executed. Error: 500 Server Error: INTERNAL SERVER ERROR for url: http://localhost:5055/webhook
Encountered an exception while running action 'action_default_fallback'. Bot will continue, but the actions events are lost. Make sure to fix the exception in your custom code.
Rasa process starting
Restoring parameters from models/current/nlu/intent_classifier_tensorflow_embedding.ckpt
Rasa Core server is up and running on http://localhost:5005
Failed to run custom action 'action_default_fallback'. Action server responded with a non 200 status code of 500. Make sure your action server properly runs actions and returns a 200 once the action is executed. Error: 500 Server Error: INTERNAL SERVER ERROR for url: http://localhost:5055/webhook
Encountered an exception while running action 'action_default_fallback'. Bot will continue, but the actions events are lost. Make sure to fix the exception in your custom code.
Failed to run custom action 'action_default_fallback'. Action server responded with a non 200 status code of 500. Make sure your action server properly runs actions and returns a 200 once the action is executed. Error: 500 Server Error: INTERNAL SERVER ERROR for url: http://localhost:5055/webhook
Encountered an exception while running action 'action_default_fallback'. Bot will continue, but the actions events are lost. Make sure to fix the exception in your custom code.
Rasa process starting
Restoring parameters from models/current/nlu/intent_classifier_tensorflow_embedding.ckpt
Rasa Core server is up and running on http://localhost:5005
Failed to run custom action 'action_default_fallback'. Action server responded with a non 200 status code of 500. Make sure your action server properly runs actions and returns a 200 once the action is executed. Error: 500 Server Error: INTERNAL SERVER ERROR for url: http://localhost:5055/webhook
Encountered an exception while running action 'action_default_fallback'. Bot will continue, but the actions events are lost. Make sure to fix the exception in your custom code.
Rasa process starting
Restoring parameters from models/current/nlu/intent_classifier_tensorflow_embedding.ckpt
Rasa Core server is up and running on http://localhost:5005
Rasa process starting
Restoring parameters from models/current/nlu/intent_classifier_tensorflow_embedding.ckpt
Rasa Core server is up and running on http://localhost:5005
Rasa process starting
Restoring parameters from models/current/nlu/intent_classifier_tensorflow_embedding.ckpt
Rasa Core server is up and running on http://localhost:5005
Action 'meeting_manager' set a slot type 'time' that it never set during the training. This can throw of the prediction. Make sure to include training examples in your stories for the different types of slots this action can return. Remember: you need to set the slots manually in the stories by adding '- slot{"time": "evening"}' after the action.
Action 'meeting_manager' set a slot type 'time' that it never set during the training. This can throw of the prediction. Make sure to include training examples in your stories for the different types of slots this action can return. Remember: you need to set the slots manually in the stories by adding '- slot{"time": "tomorrow"}' after the action.
Rasa process starting
Restoring parameters from models/current/nlu/intent_classifier_tensorflow_embedding.ckpt
Rasa Core server is up and running on http://localhost:5005
Rasa process starting
Restoring parameters from models/current/nlu/intent_classifier_tensorflow_embedding.ckpt
Rasa Core server is up and running on http://localhost:5005
Rasa process starting
Restoring parameters from models/current/nlu/intent_classifier_tensorflow_embedding.ckpt
Rasa Core server is up and running on http://localhost:5005
Rasa process starting
Restoring parameters from models/current/nlu/intent_classifier_tensorflow_embedding.ckpt
Rasa Core server is up and running on http://localhost:5005
Rasa process starting
Restoring parameters from models/current/nlu/intent_classifier_tensorflow_embedding.ckpt
Rasa process starting
Restoring parameters from models/current/nlu/intent_classifier_tensorflow_embedding.ckpt
Rasa process starting
Restoring parameters from models/current/nlu/intent_classifier_tensorflow_embedding.ckpt
Rasa Core server is up and running on http://localhost:5005
Action 'meeting_manager' set a slot type 'time' that it never set during the training. This can throw of the prediction. Make sure to include training examples in your stories for the different types of slots this action can return. Remember: you need to set the slots manually in the stories by adding '- slot{"time": "nothign"}' after the action.
